<?xml version="1.0" encoding="UTF-8"?>
<coverage generated="1748539553650" clover="3.2.0">
  <project timestamp="1748539553650" name="All files">
    <metrics statements="23" coveredstatements="22" conditionals="5" coveredconditionals="5" methods="4" coveredmethods="4" elements="32" coveredelements="31" complexity="0" loc="23" ncloc="23" packages="1" files="1" classes="1"/>
    <file name="toolUtils.ts" path="C:\Users\Ama Ghana\Desktop\build-tools-showcase\src\utils\toolUtils.ts">
      <metrics statements="23" coveredstatements="22" conditionals="5" coveredconditionals="5" methods="4" coveredmethods="4"/>
      <line num="1" count="1" type="stmt"/>
      <line num="2" count="4" type="stmt"/>
      <line num="3" count="4" type="stmt"/>
      <line num="4" count="4" type="cond" truecount="1" falsecount="0"/>
      <line num="5" count="2" type="stmt"/>
      <line num="6" count="2" type="stmt"/>
      <line num="8" count="0" type="stmt"/>
      <line num="12" count="1" type="stmt"/>
      <line num="13" count="2" type="stmt"/>
      <line num="14" count="2" type="stmt"/>
      <line num="15" count="2" type="stmt"/>
      <line num="16" count="2" type="cond" truecount="2" falsecount="0"/>
      <line num="17" count="1" type="stmt"/>
      <line num="19" count="1" type="stmt"/>
      <line num="21" count="2" type="stmt"/>
      <line num="24" count="1" type="stmt"/>
      <line num="29" count="1" type="stmt"/>
      <line num="30" count="4" type="stmt"/>
      <line num="31" count="4" type="cond" truecount="2" falsecount="0"/>
      <line num="32" count="4" type="stmt"/>
      <line num="35" count="1" type="stmt"/>
      <line num="36" count="2" type="stmt"/>
      <line num="37" count="2" type="stmt"/>
    </file>
  </project>
</coverage>
