{
  "C:\\Users\\Ama Ghana\\Desktop\\build-tools-showcase\\src\\utils\\toolUtils.ts": {
    "path": "C:\\Users\\Ama Ghana\\Desktop\\build-tools-showcase\\src\\utils\\toolUtils.ts",
    "statementMap": {
      "0": {
        "start": { "line": 1, "column": 0 },
        "end": { "line": 1, "column": 16 }
      },
      "1": {
        "start": { "line": 12, "column": 0 },
        "end": { "line": 12, "column": 16 }
      },
      "2": {
        "start": { "line": 29, "column": 0 },
        "end": { "line": 29, "column": 16 }
      },
      "3": {
        "start": { "line": 35, "column": 0 },
        "end": { "line": 35, "column": 16 }
      },
      "4": {
        "start": { "line": 2, "column": 2 },
        "end": { "line": 2, "column": 35 }
      },
      "5": {
        "start": { "line": 3, "column": 15 },
        "end": { "line": 3, "column": 48 }
      },
      "6": {
        "start": { "line": 4, "column": 2 },
        "end": { "line": 4, "column": 23 }
      },
      "7": {
        "start": { "line": 4, "column": 13 },
        "end": { "line": 4, "column": 23 }
      },
      "8": {
        "start": { "line": 5, "column": 2 },
        "end": { "line": 9, "column": 3 }
      },
      "9": {
        "start": { "line": 6, "column": 4 },
        "end": { "line": 6, "column": 28 }
      },
      "10": {
        "start": { "line": 8, "column": 4 },
        "end": { "line": 8, "column": 14 }
      },
      "11": {
        "start": { "line": 13, "column": 2 },
        "end": { "line": 13, "column": 51 }
      },
      "12": {
        "start": { "line": 14, "column": 20 },
        "end": { "line": 14, "column": 35 }
      },
      "13": {
        "start": { "line": 15, "column": 16 },
        "end": { "line": 15, "column": 43 }
      },
      "14": {
        "start": { "line": 16, "column": 2 },
        "end": { "line": 20, "column": 3 }
      },
      "15": {
        "start": { "line": 17, "column": 4 },
        "end": { "line": 17, "column": 29 }
      },
      "16": {
        "start": { "line": 19, "column": 4 },
        "end": { "line": 19, "column": 31 }
      },
      "17": {
        "start": { "line": 21, "column": 2 },
        "end": { "line": 21, "column": 63 }
      },
      "18": {
        "start": { "line": 24, "column": 41 },
        "end": { "line": 27, "column": 2 }
      },
      "19": {
        "start": { "line": 30, "column": 2 },
        "end": { "line": 30, "column": 36 }
      },
      "20": {
        "start": { "line": 31, "column": 14 },
        "end": { "line": 31, "column": 39 }
      },
      "21": {
        "start": { "line": 32, "column": 2 },
        "end": { "line": 32, "column": 29 }
      },
      "22": {
        "start": { "line": 36, "column": 2 },
        "end": { "line": 36, "column": 46 }
      },
      "23": {
        "start": { "line": 37, "column": 2 },
        "end": { "line": 37, "column": 47 }
      }
    },
    "fnMap": {
      "0": {
        "name": "loadBookmarks",
        "decl": {
          "start": { "line": 1, "column": 16 },
          "end": { "line": 1, "column": 29 }
        },
        "loc": {
          "start": { "line": 1, "column": 29 },
          "end": { "line": 10, "column": 1 }
        }
      },
      "1": {
        "name": "toggleBookmark",
        "decl": {
          "start": { "line": 12, "column": 16 },
          "end": { "line": 12, "column": 30 }
        },
        "loc": {
          "start": { "line": 12, "column": 47 },
          "end": { "line": 22, "column": 1 }
        }
      },
      "2": {
        "name": "tryTool",
        "decl": {
          "start": { "line": 29, "column": 16 },
          "end": { "line": 29, "column": 23 }
        },
        "loc": {
          "start": { "line": 29, "column": 40 },
          "end": { "line": 33, "column": 1 }
        }
      },
      "3": {
        "name": "showToolInfo",
        "decl": {
          "start": { "line": 35, "column": 16 },
          "end": { "line": 35, "column": 28 }
        },
        "loc": {
          "start": { "line": 35, "column": 45 },
          "end": { "line": 38, "column": 1 }
        }
      }
    },
    "branchMap": {
      "0": {
        "loc": {
          "start": { "line": 4, "column": 2 },
          "end": { "line": 4, "column": 23 }
        },
        "type": "if",
        "locations": [
          {
            "start": { "line": 4, "column": 2 },
            "end": { "line": 4, "column": 23 }
          }
        ]
      },
      "1": {
        "loc": {
          "start": { "line": 16, "column": 2 },
          "end": { "line": 20, "column": 3 }
        },
        "type": "if",
        "locations": [
          {
            "start": { "line": 16, "column": 2 },
            "end": { "line": 20, "column": 3 }
          },
          {
            "start": { "line": 18, "column": 9 },
            "end": { "line": 20, "column": 3 }
          }
        ]
      },
      "2": {
        "loc": {
          "start": { "line": 31, "column": 14 },
          "end": { "line": 31, "column": 39 }
        },
        "type": "binary-expr",
        "locations": [
          {
            "start": { "line": 31, "column": 14 },
            "end": { "line": 31, "column": 32 }
          },
          {
            "start": { "line": 31, "column": 36 },
            "end": { "line": 31, "column": 39 }
          }
        ]
      }
    },
    "s": {
      "0": 1,
      "1": 1,
      "2": 1,
      "3": 1,
      "4": 4,
      "5": 4,
      "6": 4,
      "7": 2,
      "8": 2,
      "9": 2,
      "10": 0,
      "11": 2,
      "12": 2,
      "13": 2,
      "14": 2,
      "15": 1,
      "16": 1,
      "17": 2,
      "18": 1,
      "19": 4,
      "20": 4,
      "21": 4,
      "22": 2,
      "23": 2
    },
    "f": { "0": 4, "1": 2, "2": 4, "3": 2 },
    "b": { "0": [2], "1": [1, 1], "2": [4, 2] }
  }
}
